[2021-03-05 14:07:03.361] [exthost] [info] extension host started
[2021-03-05 14:07:03.462] [exthost] [info] ExtensionService#_doActivateExtension vscode.microsoft-authentication {"startup":false,"extensionId":{"value":"vscode.microsoft-authentication","_lower":"vscode.microsoft-authentication"},"activationEvent":"onAuthenticationRequest:microsoft"}
[2021-03-05 14:07:03.462] [exthost] [info] ExtensionService#loadCommonJSModule file:///usr/share/code/resources/app/extensions/microsoft-authentication/dist/extension.js
[2021-03-05 14:07:05.221] [exthost] [info] ExtensionService#_doActivateExtension Dart-Code.dart-code {"startup":false,"extensionId":{"value":"Dart-Code.dart-code","_lower":"dart-code.dart-code"},"activationEvent":"onLanguage:dart"}
[2021-03-05 14:07:05.221] [exthost] [info] ExtensionService#loadCommonJSModule file:///home/tan/.vscode/extensions/dart-code.dart-code-3.20.1/out/dist/extension
[2021-03-05 14:07:05.748] [exthost] [info] ExtensionService#_doActivateExtension vscode.debug-auto-launch {"startup":true,"extensionId":{"value":"vscode.debug-auto-launch","_lower":"vscode.debug-auto-launch"},"activationEvent":"*"}
[2021-03-05 14:07:05.748] [exthost] [info] ExtensionService#loadCommonJSModule file:///usr/share/code/resources/app/extensions/debug-auto-launch/dist/extension
[2021-03-05 14:07:06.010] [exthost] [info] ExtensionService#_doActivateExtension vscode.git {"startup":true,"extensionId":{"value":"vscode.github","_lower":"vscode.github"},"activationEvent":"*"}
[2021-03-05 14:07:06.011] [exthost] [info] ExtensionService#loadCommonJSModule file:///usr/share/code/resources/app/extensions/git/dist/main
[2021-03-05 14:07:07.834] [exthost] [info] ExtensionService#_doActivateExtension vscode.github {"startup":true,"extensionId":{"value":"vscode.github","_lower":"vscode.github"},"activationEvent":"*"}
[2021-03-05 14:07:07.834] [exthost] [info] ExtensionService#loadCommonJSModule file:///usr/share/code/resources/app/extensions/github/dist/extension.js
[2021-03-05 14:07:07.930] [exthost] [info] ExtensionService#_doActivateExtension Dart-Code.flutter {"startup":false,"extensionId":{"value":"Dart-Code.dart-code","_lower":"dart-code.dart-code"},"activationEvent":"api"}
[2021-03-05 14:07:07.930] [exthost] [info] ExtensionService#loadCommonJSModule file:///home/tan/.vscode/extensions/dart-code.flutter-3.20.0/out/src/extension
[2021-03-05 14:07:08.619] [exthost] [info] ExtensionService#_doActivateExtension ms-vscode.js-debug {"startup":false,"extensionId":{"value":"ms-vscode.js-debug","_lower":"ms-vscode.js-debug"},"activationEvent":"onCommand:extension.js-debug.clearAutoAttachVariables"}
[2021-03-05 14:07:08.620] [exthost] [info] ExtensionService#loadCommonJSModule file:///usr/share/code/resources/app/extensions/ms-vscode.js-debug/src/extension.js
[2021-03-05 14:07:12.165] [exthost] [info] eager extensions activated
[2021-03-05 14:07:12.249] [exthost] [info] ExtensionService#_doActivateExtension vscode.emmet {"startup":false,"extensionId":{"value":"vscode.emmet","_lower":"vscode.emmet"},"activationEvent":"onStartupFinished"}
[2021-03-05 14:07:12.249] [exthost] [info] ExtensionService#loadCommonJSModule file:///usr/share/code/resources/app/extensions/emmet/dist/node/emmetNodeMain
[2021-03-05 14:07:12.855] [exthost] [info] ExtensionService#_doActivateExtension vscode.merge-conflict {"startup":false,"extensionId":{"value":"vscode.merge-conflict","_lower":"vscode.merge-conflict"},"activationEvent":"onStartupFinished"}
[2021-03-05 14:07:12.855] [exthost] [info] ExtensionService#loadCommonJSModule file:///usr/share/code/resources/app/extensions/merge-conflict/dist/mergeConflictMain
[2021-03-05 14:07:13.120] [exthost] [info] ExtensionService#_doActivateExtension vscode.testing-editor-contributions {"startup":false,"extensionId":{"value":"vscode.testing-editor-contributions","_lower":"vscode.testing-editor-contributions"},"activationEvent":"onStartupFinished"}
[2021-03-05 14:07:13.120] [exthost] [info] ExtensionService#loadCommonJSModule file:///usr/share/code/resources/app/extensions/testing-editor-contributions/dist/extension.js
[2021-03-05 14:07:13.419] [exthost] [info] ExtensionService#_doActivateExtension vscode.github-authentication {"startup":false,"extensionId":{"value":"vscode.github-authentication","_lower":"vscode.github-authentication"},"activationEvent":"onAuthenticationRequest:github"}
[2021-03-05 14:07:13.419] [exthost] [info] ExtensionService#loadCommonJSModule file:///usr/share/code/resources/app/extensions/github-authentication/dist/extension.js
[2021-03-05 14:15:10.389] [exthost] [warning] TextEditor is closed/disposed
[2021-03-05 14:15:32.902] [exthost] [warning] TextEditor is closed/disposed
[2021-03-05 14:18:56.598] [exthost] [warning] TextEditor is closed/disposed
[2021-03-05 14:19:55.978] [exthost] [warning] TextEditor is closed/disposed
[2021-03-05 14:20:23.439] [exthost] [warning] TextEditor is closed/disposed
[2021-03-05 14:24:51.168] [exthost] [warning] TextEditor is closed/disposed
[2021-03-05 14:34:32.609] [exthost] [warning] TextEditor is closed/disposed
[2021-03-05 14:34:34.174] [exthost] [warning] TextEditor is closed/disposed
[2021-03-05 14:42:12.602] [exthost] [warning] TextEditor is closed/disposed
[2021-03-05 14:52:07.503] [exthost] [warning] TextEditor is closed/disposed
[2021-03-05 15:02:56.204] [exthost] [warning] TextEditor is closed/disposed
[2021-03-05 15:24:28.329] [exthost] [warning] TextEditor is closed/disposed
[2021-03-05 15:27:30.261] [exthost] [warning] TextEditor is closed/disposed
[2021-03-05 15:40:34.595] [exthost] [info] extension host terminating: received terminate message from renderer
[2021-03-05 15:40:35.666] [exthost] [info] exiting with code 0
